mode: set
github.com/numduel/numduel/usecase/activity_log.go:15.136,17.16 2 0
github.com/numduel/numduel/usecase/activity_log.go:17.16,19.3 1 0
github.com/numduel/numduel/usecase/activity_log.go:20.2,23.17 1 0
github.com/numduel/numduel/usecase/activity_log.go:23.17,25.3 1 0
github.com/numduel/numduel/usecase/activity_log.go:26.2,26.12 1 0
github.com/numduel/numduel/usecase/activity_log.go:29.162,35.2 2 0
github.com/numduel/numduel/usecase/activity_log.go:37.151,41.21 2 0
github.com/numduel/numduel/usecase/activity_log.go:41.21,43.3 1 0
github.com/numduel/numduel/usecase/activity_log.go:44.2,44.68 1 0
github.com/numduel/numduel/usecase/activity_log.go:47.124,52.2 2 0
github.com/numduel/numduel/usecase/activity_log.go:54.114,58.2 1 0
github.com/numduel/numduel/usecase/activity_log.go:60.125,65.2 2 0
github.com/numduel/numduel/usecase/activity_log.go:67.119,72.2 2 0
github.com/numduel/numduel/usecase/admin.go:40.40,41.30 1 0
github.com/numduel/numduel/usecase/admin.go:41.30,43.3 1 0
github.com/numduel/numduel/usecase/admin.go:44.2,44.25 1 0
github.com/numduel/numduel/usecase/admin.go:57.104,59.16 2 0
github.com/numduel/numduel/usecase/admin.go:59.16,61.3 1 0
github.com/numduel/numduel/usecase/admin.go:62.2,62.41 1 0
github.com/numduel/numduel/usecase/admin.go:65.96,66.17 1 0
github.com/numduel/numduel/usecase/admin.go:66.17,68.3 1 0
github.com/numduel/numduel/usecase/admin.go:69.2,70.16 2 0
github.com/numduel/numduel/usecase/admin.go:70.16,72.3 1 0
github.com/numduel/numduel/usecase/admin.go:73.2,73.34 1 0
github.com/numduel/numduel/usecase/admin.go:76.91,77.76 1 0
github.com/numduel/numduel/usecase/admin.go:77.76,79.3 1 0
github.com/numduel/numduel/usecase/admin.go:80.2,80.25 1 0
github.com/numduel/numduel/usecase/admin.go:80.25,82.3 1 0
github.com/numduel/numduel/usecase/admin.go:83.2,84.16 2 0
github.com/numduel/numduel/usecase/admin.go:84.16,86.3 1 0
github.com/numduel/numduel/usecase/admin.go:87.2,87.19 1 0
github.com/numduel/numduel/usecase/admin.go:87.19,89.3 1 0
github.com/numduel/numduel/usecase/admin.go:90.2,90.24 1 0
github.com/numduel/numduel/usecase/admin.go:90.24,92.3 1 0
github.com/numduel/numduel/usecase/admin.go:93.2,93.23 1 0
github.com/numduel/numduel/usecase/admin.go:93.23,95.3 1 0
github.com/numduel/numduel/usecase/admin.go:96.2,97.16 2 0
github.com/numduel/numduel/usecase/admin.go:97.16,99.3 1 0
github.com/numduel/numduel/usecase/admin.go:100.2,100.19 1 0
github.com/numduel/numduel/usecase/admin.go:100.19,102.3 1 0
github.com/numduel/numduel/usecase/admin.go:103.2,104.26 2 0
github.com/numduel/numduel/usecase/admin.go:104.26,105.80 1 0
github.com/numduel/numduel/usecase/admin.go:105.80,107.4 1 0
github.com/numduel/numduel/usecase/admin.go:109.2,109.25 1 0
github.com/numduel/numduel/usecase/admin.go:109.25,111.3 1 0
github.com/numduel/numduel/usecase/admin.go:112.2,112.79 1 0
github.com/numduel/numduel/usecase/admin.go:112.79,113.95 1 0
github.com/numduel/numduel/usecase/admin.go:113.95,115.4 1 0
github.com/numduel/numduel/usecase/admin.go:116.3,116.77 1 0
github.com/numduel/numduel/usecase/admin.go:116.77,118.4 1 0
github.com/numduel/numduel/usecase/admin.go:119.3,122.42 4 0
github.com/numduel/numduel/usecase/admin.go:123.17,125.3 1 0
github.com/numduel/numduel/usecase/admin.go:126.2,126.71 1 0
github.com/numduel/numduel/usecase/admin.go:137.171,139.16 2 0
github.com/numduel/numduel/usecase/admin.go:139.16,141.3 1 0
github.com/numduel/numduel/usecase/admin.go:142.2,143.25 2 0
github.com/numduel/numduel/usecase/admin.go:143.25,148.3 1 0
github.com/numduel/numduel/usecase/admin.go:149.2,149.26 1 0
github.com/numduel/numduel/usecase/admin.go:152.84,154.2 1 0
github.com/numduel/numduel/usecase/admin.go:156.160,157.77 1 0
github.com/numduel/numduel/usecase/admin.go:157.77,159.3 1 0
github.com/numduel/numduel/usecase/admin.go:160.2,161.16 2 0
github.com/numduel/numduel/usecase/admin.go:161.16,163.3 1 0
github.com/numduel/numduel/usecase/admin.go:164.2,167.25 4 0
github.com/numduel/numduel/usecase/admin.go:167.25,169.22 2 0
github.com/numduel/numduel/usecase/admin.go:169.22,171.4 1 0
github.com/numduel/numduel/usecase/admin.go:172.3,178.5 1 0
github.com/numduel/numduel/usecase/admin.go:180.2,180.42 1 0
github.com/numduel/numduel/usecase/admin.go:180.42,182.3 1 0
github.com/numduel/numduel/usecase/admin.go:183.2,183.25 1 0
github.com/numduel/numduel/usecase/admin.go:186.85,187.80 1 0
github.com/numduel/numduel/usecase/admin.go:187.80,189.3 1 0
github.com/numduel/numduel/usecase/admin.go:190.2,190.22 1 0
github.com/numduel/numduel/usecase/admin.go:190.22,192.3 1 0
github.com/numduel/numduel/usecase/admin.go:193.2,193.47 1 0
github.com/numduel/numduel/usecase/admin.go:193.47,195.3 1 0
github.com/numduel/numduel/usecase/admin.go:196.2,196.69 1 0
github.com/numduel/numduel/usecase/admin.go:199.90,200.27 1 0
github.com/numduel/numduel/usecase/admin.go:200.27,202.3 1 0
github.com/numduel/numduel/usecase/admin.go:203.2,204.16 2 0
github.com/numduel/numduel/usecase/admin.go:204.16,206.3 1 0
github.com/numduel/numduel/usecase/admin.go:207.2,207.83 1 0
github.com/numduel/numduel/usecase/admin.go:215.48,218.2 2 0
github.com/numduel/numduel/usecase/admin.go:220.43,221.17 1 0
github.com/numduel/numduel/usecase/admin.go:221.17,223.3 1 0
github.com/numduel/numduel/usecase/admin.go:224.2,224.18 1 0
github.com/numduel/numduel/usecase/admin.go:225.38,226.21 1 0
github.com/numduel/numduel/usecase/admin.go:227.10,228.15 1 0
github.com/numduel/numduel/usecase/admin.go:232.57,234.26 2 0
github.com/numduel/numduel/usecase/admin.go:234.26,239.3 1 0
github.com/numduel/numduel/usecase/admin.go:240.2,240.12 1 0
github.com/numduel/numduel/usecase/admin.go:243.221,253.2 1 0
github.com/numduel/numduel/usecase/admin_lock.go:13.59,15.2 1 0
github.com/numduel/numduel/usecase/admin_lock.go:17.56,19.2 1 0
github.com/numduel/numduel/usecase/admin_lock.go:21.55,23.2 1 0
github.com/numduel/numduel/usecase/admin_lock.go:25.75,26.32 1 0
github.com/numduel/numduel/usecase/admin_lock.go:26.32,28.3 1 0
github.com/numduel/numduel/usecase/admin_lock.go:29.2,30.14 2 0
github.com/numduel/numduel/usecase/admin_lock.go:30.14,32.3 1 0
github.com/numduel/numduel/usecase/admin_lock.go:33.2,34.16 2 0
github.com/numduel/numduel/usecase/admin_lock.go:34.16,36.3 1 0
github.com/numduel/numduel/usecase/admin_lock.go:37.2,37.9 1 0
github.com/numduel/numduel/usecase/admin_lock.go:37.9,39.3 1 0
github.com/numduel/numduel/usecase/admin_lock.go:40.2,40.12 1 0
github.com/numduel/numduel/usecase/admin_lock.go:43.134,44.18 1 0
github.com/numduel/numduel/usecase/admin_lock.go:44.18,46.3 1 0
github.com/numduel/numduel/usecase/admin_lock.go:47.2,47.14 1 0
github.com/numduel/numduel/usecase/admin_lock.go:47.14,49.3 1 0
github.com/numduel/numduel/usecase/admin_lock.go:50.2,50.73 1 0
github.com/numduel/numduel/usecase/auth.go:122.39,123.30 1 1
github.com/numduel/numduel/usecase/auth.go:123.30,125.3 1 0
github.com/numduel/numduel/usecase/auth.go:126.2,126.25 1 1
github.com/numduel/numduel/usecase/auth.go:129.46,130.37 1 0
github.com/numduel/numduel/usecase/auth.go:130.37,132.3 1 0
github.com/numduel/numduel/usecase/auth.go:133.2,133.23 1 0
github.com/numduel/numduel/usecase/auth.go:136.219,150.2 1 1
github.com/numduel/numduel/usecase/auth_helpers.go:13.112,15.51 2 0
github.com/numduel/numduel/usecase/auth_helpers.go:15.51,17.3 1 0
github.com/numduel/numduel/usecase/auth_helpers.go:18.2,18.18 1 0
github.com/numduel/numduel/usecase/auth_helpers.go:21.115,23.16 2 1
github.com/numduel/numduel/usecase/auth_helpers.go:23.16,25.3 1 0
github.com/numduel/numduel/usecase/auth_helpers.go:26.2,26.20 1 1
github.com/numduel/numduel/usecase/auth_helpers.go:26.20,28.3 1 0
github.com/numduel/numduel/usecase/auth_helpers.go:29.2,30.16 2 1
github.com/numduel/numduel/usecase/auth_helpers.go:30.16,32.3 1 0
github.com/numduel/numduel/usecase/auth_helpers.go:33.2,33.31 1 1
github.com/numduel/numduel/usecase/auth_helpers.go:36.129,38.2 1 0
github.com/numduel/numduel/usecase/auth_helpers.go:40.128,42.2 1 0
github.com/numduel/numduel/usecase/auth_login.go:15.87,16.53 1 0
github.com/numduel/numduel/usecase/auth_login.go:16.53,18.3 1 0
github.com/numduel/numduel/usecase/auth_login.go:19.2,19.54 1 0
github.com/numduel/numduel/usecase/auth_login.go:19.54,21.3 1 0
github.com/numduel/numduel/usecase/auth_login.go:22.2,23.16 2 0
github.com/numduel/numduel/usecase/auth_login.go:23.16,25.3 1 0
github.com/numduel/numduel/usecase/auth_login.go:26.2,26.72 1 0
github.com/numduel/numduel/usecase/auth_login.go:26.72,28.3 1 0
github.com/numduel/numduel/usecase/auth_login.go:29.2,31.73 3 0
github.com/numduel/numduel/usecase/auth_login.go:31.73,32.85 1 0
github.com/numduel/numduel/usecase/auth_login.go:32.85,34.4 1 0
github.com/numduel/numduel/usecase/auth_login.go:35.3,35.61 1 0
github.com/numduel/numduel/usecase/auth_login.go:35.61,37.4 1 0
github.com/numduel/numduel/usecase/auth_login.go:38.3,40.13 3 0
github.com/numduel/numduel/usecase/auth_login.go:41.17,43.3 1 0
github.com/numduel/numduel/usecase/auth_login.go:44.2,50.8 1 0
github.com/numduel/numduel/usecase/auth_logout.go:19.73,21.41 2 0
github.com/numduel/numduel/usecase/auth_logout.go:21.41,23.3 1 0
github.com/numduel/numduel/usecase/auth_logout.go:24.2,24.25 1 0
github.com/numduel/numduel/usecase/auth_logout.go:24.25,25.75 1 0
github.com/numduel/numduel/usecase/auth_logout.go:25.75,27.4 1 0
github.com/numduel/numduel/usecase/auth_logout.go:29.2,29.25 1 0
github.com/numduel/numduel/usecase/auth_logout.go:29.25,31.3 1 0
github.com/numduel/numduel/usecase/auth_logout.go:32.2,32.70 1 0
github.com/numduel/numduel/usecase/auth_logout.go:32.70,33.91 1 0
github.com/numduel/numduel/usecase/auth_logout.go:33.91,35.4 1 0
github.com/numduel/numduel/usecase/auth_logout.go:36.3,36.88 1 0
github.com/numduel/numduel/usecase/auth_logout.go:36.88,38.4 1 0
github.com/numduel/numduel/usecase/auth_logout.go:39.3,40.17 2 0
github.com/numduel/numduel/usecase/auth_logout.go:40.17,42.4 1 0
github.com/numduel/numduel/usecase/auth_logout.go:43.3,43.18 1 0
github.com/numduel/numduel/usecase/auth_logout.go:43.18,45.4 1 0
github.com/numduel/numduel/usecase/auth_logout.go:46.3,46.13 1 0
github.com/numduel/numduel/usecase/auth_me.go:9.87,11.16 2 0
github.com/numduel/numduel/usecase/auth_me.go:11.16,13.3 1 0
github.com/numduel/numduel/usecase/auth_me.go:14.2,14.37 1 0
github.com/numduel/numduel/usecase/auth_me.go:14.37,16.3 1 0
github.com/numduel/numduel/usecase/auth_me.go:17.2,22.8 1 0
github.com/numduel/numduel/usecase/auth_refresh.go:19.93,21.17 2 0
github.com/numduel/numduel/usecase/auth_refresh.go:21.17,23.3 1 0
github.com/numduel/numduel/usecase/auth_refresh.go:24.2,28.16 4 0
github.com/numduel/numduel/usecase/auth_refresh.go:28.16,30.3 1 0
github.com/numduel/numduel/usecase/auth_refresh.go:31.2,31.19 1 0
github.com/numduel/numduel/usecase/auth_refresh.go:31.19,33.3 1 0
github.com/numduel/numduel/usecase/auth_refresh.go:34.2,34.48 1 0
github.com/numduel/numduel/usecase/auth_refresh.go:34.48,35.70 1 0
github.com/numduel/numduel/usecase/auth_refresh.go:35.70,37.4 1 0
github.com/numduel/numduel/usecase/auth_refresh.go:38.3,38.30 1 0
github.com/numduel/numduel/usecase/auth_refresh.go:40.2,40.27 1 0
github.com/numduel/numduel/usecase/auth_refresh.go:40.27,41.74 1 0
github.com/numduel/numduel/usecase/auth_refresh.go:41.74,43.4 1 0
github.com/numduel/numduel/usecase/auth_refresh.go:44.3,44.30 1 0
github.com/numduel/numduel/usecase/auth_refresh.go:47.2,48.73 2 0
github.com/numduel/numduel/usecase/auth_refresh.go:48.73,50.17 2 0
github.com/numduel/numduel/usecase/auth_refresh.go:50.17,52.4 1 0
github.com/numduel/numduel/usecase/auth_refresh.go:53.3,55.13 3 0
github.com/numduel/numduel/usecase/auth_refresh.go:56.17,58.3 1 0
github.com/numduel/numduel/usecase/auth_refresh.go:59.2,59.21 1 0
github.com/numduel/numduel/usecase/auth_refresh.go:62.118,63.70 1 0
github.com/numduel/numduel/usecase/auth_refresh.go:63.70,65.3 1 0
github.com/numduel/numduel/usecase/auth_refresh.go:66.2,66.16 1 0
github.com/numduel/numduel/usecase/auth_refresh.go:66.16,68.3 1 0
github.com/numduel/numduel/usecase/auth_refresh.go:69.2,69.25 1 0
github.com/numduel/numduel/usecase/auth_refresh.go:69.25,71.3 1 0
github.com/numduel/numduel/usecase/auth_refresh.go:72.2,72.12 1 0
github.com/numduel/numduel/usecase/auth_refresh.go:75.105,77.2 1 0
github.com/numduel/numduel/usecase/auth_refresh.go:79.115,81.16 2 0
github.com/numduel/numduel/usecase/auth_refresh.go:81.16,83.3 1 0
github.com/numduel/numduel/usecase/auth_refresh.go:84.2,84.44 1 0
github.com/numduel/numduel/usecase/auth_refresh.go:84.44,86.3 1 0
github.com/numduel/numduel/usecase/auth_refresh.go:87.2,88.16 2 0
github.com/numduel/numduel/usecase/auth_refresh.go:88.16,90.3 1 0
github.com/numduel/numduel/usecase/auth_refresh.go:91.2,91.37 1 0
github.com/numduel/numduel/usecase/auth_refresh.go:91.37,94.3 2 0
github.com/numduel/numduel/usecase/auth_refresh.go:96.2,97.16 2 0
github.com/numduel/numduel/usecase/auth_refresh.go:97.16,99.3 1 0
github.com/numduel/numduel/usecase/auth_refresh.go:100.2,101.16 2 0
github.com/numduel/numduel/usecase/auth_refresh.go:101.16,103.3 1 0
github.com/numduel/numduel/usecase/auth_refresh.go:104.2,105.63 2 0
github.com/numduel/numduel/usecase/auth_refresh.go:105.63,107.3 1 0
github.com/numduel/numduel/usecase/auth_refresh.go:108.2,108.83 1 0
github.com/numduel/numduel/usecase/auth_refresh.go:108.83,110.3 1 0
github.com/numduel/numduel/usecase/auth_refresh.go:111.2,111.60 1 0
github.com/numduel/numduel/usecase/auth_refresh.go:111.60,113.3 1 0
github.com/numduel/numduel/usecase/auth_refresh.go:114.2,114.41 1 0
github.com/numduel/numduel/usecase/auth_refresh.go:117.72,120.16 3 0
github.com/numduel/numduel/usecase/auth_refresh.go:120.16,121.65 1 0
github.com/numduel/numduel/usecase/auth_refresh.go:121.65,123.4 1 0
github.com/numduel/numduel/usecase/auth_refresh.go:124.3,124.9 1 0
github.com/numduel/numduel/usecase/auth_refresh.go:126.2,126.11 1 0
github.com/numduel/numduel/usecase/auth_refresh.go:126.11,128.3 1 0
github.com/numduel/numduel/usecase/auth_register.go:18.96,19.54 1 1
github.com/numduel/numduel/usecase/auth_register.go:19.54,21.3 1 0
github.com/numduel/numduel/usecase/auth_register.go:22.2,22.48 1 1
github.com/numduel/numduel/usecase/auth_register.go:22.48,24.3 1 0
github.com/numduel/numduel/usecase/auth_register.go:25.2,25.54 1 1
github.com/numduel/numduel/usecase/auth_register.go:25.54,27.3 1 0
github.com/numduel/numduel/usecase/auth_register.go:28.2,29.16 2 1
github.com/numduel/numduel/usecase/auth_register.go:29.16,31.3 1 0
github.com/numduel/numduel/usecase/auth_register.go:32.2,32.12 1 1
github.com/numduel/numduel/usecase/auth_register.go:32.12,34.3 1 0
github.com/numduel/numduel/usecase/auth_register.go:35.2,36.16 2 1
github.com/numduel/numduel/usecase/auth_register.go:36.16,38.3 1 0
github.com/numduel/numduel/usecase/auth_register.go:39.2,50.73 3 1
github.com/numduel/numduel/usecase/auth_register.go:50.73,52.3 1 1
github.com/numduel/numduel/usecase/auth_register.go:52.17,54.3 1 0
github.com/numduel/numduel/usecase/auth_register.go:55.2,60.8 1 1
github.com/numduel/numduel/usecase/auth_seed.go:20.81,21.41 1 0
github.com/numduel/numduel/usecase/auth_seed.go:21.41,23.3 1 0
github.com/numduel/numduel/usecase/auth_seed.go:24.2,25.16 2 0
github.com/numduel/numduel/usecase/auth_seed.go:25.16,27.3 1 0
github.com/numduel/numduel/usecase/auth_seed.go:28.2,28.12 1 0
github.com/numduel/numduel/usecase/auth_seed.go:28.12,30.3 1 0
github.com/numduel/numduel/usecase/auth_seed.go:31.2,31.53 1 0
github.com/numduel/numduel/usecase/auth_seed.go:31.53,33.3 1 0
github.com/numduel/numduel/usecase/auth_seed.go:34.2,34.54 1 0
github.com/numduel/numduel/usecase/auth_seed.go:34.54,36.3 1 0
github.com/numduel/numduel/usecase/auth_seed.go:37.2,38.16 2 0
github.com/numduel/numduel/usecase/auth_seed.go:38.16,40.3 1 0
github.com/numduel/numduel/usecase/auth_seed.go:41.2,41.9 1 0
github.com/numduel/numduel/usecase/auth_seed.go:41.9,43.3 1 0
github.com/numduel/numduel/usecase/auth_seed.go:44.2,45.16 2 0
github.com/numduel/numduel/usecase/auth_seed.go:45.16,47.3 1 0
github.com/numduel/numduel/usecase/auth_seed.go:48.2,59.70 3 0
github.com/numduel/numduel/usecase/auth_seed.go:59.70,61.3 1 0
github.com/numduel/numduel/usecase/auth_session.go:12.99,15.16 3 0
github.com/numduel/numduel/usecase/auth_session.go:15.16,17.3 1 0
github.com/numduel/numduel/usecase/auth_session.go:18.2,19.16 2 0
github.com/numduel/numduel/usecase/auth_session.go:19.16,21.3 1 0
github.com/numduel/numduel/usecase/auth_session.go:22.2,29.60 2 0
github.com/numduel/numduel/usecase/auth_session.go:29.60,31.3 1 0
github.com/numduel/numduel/usecase/auth_session.go:32.2,32.84 1 0
github.com/numduel/numduel/usecase/auth_session.go:35.59,37.2 1 0
github.com/numduel/numduel/usecase/auth_session.go:39.101,43.2 3 0
github.com/numduel/numduel/usecase/auth_session.go:45.124,53.2 1 0
github.com/numduel/numduel/usecase/auto_logout.go:30.45,31.30 1 0
github.com/numduel/numduel/usecase/auto_logout.go:31.30,33.3 1 0
github.com/numduel/numduel/usecase/auto_logout.go:34.2,34.25 1 0
github.com/numduel/numduel/usecase/auto_logout.go:37.60,38.27 1 0
github.com/numduel/numduel/usecase/auto_logout.go:38.27,40.3 1 0
github.com/numduel/numduel/usecase/auto_logout.go:41.2,44.16 4 0
github.com/numduel/numduel/usecase/auto_logout.go:44.16,46.3 1 0
github.com/numduel/numduel/usecase/auto_logout.go:47.2,47.29 1 0
github.com/numduel/numduel/usecase/auto_logout.go:47.29,48.18 1 0
github.com/numduel/numduel/usecase/auto_logout.go:48.18,49.12 1 0
github.com/numduel/numduel/usecase/auto_logout.go:51.3,51.57 1 0
github.com/numduel/numduel/usecase/auto_logout.go:51.57,53.4 1 0
github.com/numduel/numduel/usecase/auto_logout.go:55.2,55.12 1 0
github.com/numduel/numduel/usecase/auto_logout.go:58.100,59.26 1 0
github.com/numduel/numduel/usecase/auto_logout.go:59.26,60.78 1 0
github.com/numduel/numduel/usecase/auto_logout.go:60.78,62.4 1 0
github.com/numduel/numduel/usecase/auto_logout.go:64.2,64.30 1 0
github.com/numduel/numduel/usecase/auto_logout.go:64.30,66.3 1 0
github.com/numduel/numduel/usecase/auto_logout.go:67.2,67.70 1 0
github.com/numduel/numduel/usecase/auto_logout.go:67.70,68.88 1 0
github.com/numduel/numduel/usecase/auto_logout.go:68.88,70.4 1 0
github.com/numduel/numduel/usecase/auto_logout.go:71.3,74.18 1 0
github.com/numduel/numduel/usecase/auto_logout.go:74.18,76.4 1 0
github.com/numduel/numduel/usecase/auto_logout.go:77.3,78.17 2 0
github.com/numduel/numduel/usecase/auto_logout.go:78.17,80.4 1 0
github.com/numduel/numduel/usecase/auto_logout.go:81.3,81.39 1 0
github.com/numduel/numduel/usecase/auto_logout.go:81.39,85.4 3 0
github.com/numduel/numduel/usecase/auto_logout.go:86.3,86.13 1 0
github.com/numduel/numduel/usecase/auto_logout.go:90.187,100.2 1 0
github.com/numduel/numduel/usecase/backup.go:40.114,42.2 1 0
github.com/numduel/numduel/usecase/backup.go:44.41,45.30 1 0
github.com/numduel/numduel/usecase/backup.go:45.30,47.3 1 0
github.com/numduel/numduel/usecase/backup.go:48.2,48.25 1 0
github.com/numduel/numduel/usecase/backup.go:51.60,52.21 1 0
github.com/numduel/numduel/usecase/backup.go:52.21,54.3 1 0
github.com/numduel/numduel/usecase/backup.go:55.2,56.21 2 0
github.com/numduel/numduel/usecase/backup.go:56.21,58.3 1 0
github.com/numduel/numduel/usecase/backup.go:60.2,61.27 2 0
github.com/numduel/numduel/usecase/backup.go:61.27,63.17 2 0
github.com/numduel/numduel/usecase/backup.go:63.17,65.4 1 0
github.com/numduel/numduel/usecase/backup.go:66.3,66.16 1 0
github.com/numduel/numduel/usecase/backup.go:66.16,68.4 1 0
github.com/numduel/numduel/usecase/backup.go:71.2,72.52 2 0
github.com/numduel/numduel/usecase/backup.go:72.52,73.68 1 0
github.com/numduel/numduel/usecase/backup.go:73.68,74.29 1 0
github.com/numduel/numduel/usecase/backup.go:74.29,76.5 1 0
github.com/numduel/numduel/usecase/backup.go:77.4,77.14 1 0
github.com/numduel/numduel/usecase/backup.go:81.2,81.27 1 0
github.com/numduel/numduel/usecase/backup.go:81.27,83.104 2 0
github.com/numduel/numduel/usecase/backup.go:83.104,85.4 1 0
github.com/numduel/numduel/usecase/backup.go:86.3,86.62 1 0
github.com/numduel/numduel/usecase/backup.go:88.2,88.16 1 0
github.com/numduel/numduel/usecase/errors.go:29.39,30.44 1 0
github.com/numduel/numduel/usecase/errors.go:30.44,32.3 1 0
github.com/numduel/numduel/usecase/errors.go:33.2,33.12 1 0
github.com/numduel/numduel/usecase/errors.go:36.55,37.44 1 0
github.com/numduel/numduel/usecase/errors.go:37.44,39.3 1 0
github.com/numduel/numduel/usecase/errors.go:40.2,40.12 1 0
github.com/numduel/numduel/usecase/errors.go:43.37,45.2 1 0
github.com/numduel/numduel/usecase/errors.go:47.40,48.9 1 0
github.com/numduel/numduel/usecase/errors.go:55.43,56.23 1 0
github.com/numduel/numduel/usecase/errors.go:57.10,58.13 1 0
github.com/numduel/numduel/usecase/game.go:78.39,79.30 1 0
github.com/numduel/numduel/usecase/game.go:79.30,81.3 1 0
github.com/numduel/numduel/usecase/game.go:82.2,82.25 1 0
github.com/numduel/numduel/usecase/game.go:103.60,105.34 2 0
github.com/numduel/numduel/usecase/game.go:105.34,110.3 1 0
github.com/numduel/numduel/usecase/game.go:111.2,116.3 1 0
github.com/numduel/numduel/usecase/game.go:119.109,121.2 1 0
github.com/numduel/numduel/usecase/game.go:123.110,125.16 2 0
github.com/numduel/numduel/usecase/game.go:125.16,127.3 1 0
github.com/numduel/numduel/usecase/game.go:128.2,128.23 1 0
github.com/numduel/numduel/usecase/game.go:128.23,130.3 1 0
github.com/numduel/numduel/usecase/game.go:131.2,131.19 1 0
github.com/numduel/numduel/usecase/game.go:134.111,136.16 2 0
github.com/numduel/numduel/usecase/game.go:136.16,138.3 1 0
github.com/numduel/numduel/usecase/game.go:139.2,139.17 1 0
github.com/numduel/numduel/usecase/game.go:139.17,141.3 1 0
github.com/numduel/numduel/usecase/game.go:142.2,142.33 1 0
github.com/numduel/numduel/usecase/game.go:142.33,144.3 1 0
github.com/numduel/numduel/usecase/game.go:145.2,146.16 2 0
github.com/numduel/numduel/usecase/game.go:146.16,148.3 1 0
github.com/numduel/numduel/usecase/game.go:149.2,150.30 2 0
github.com/numduel/numduel/usecase/game.go:150.30,152.3 1 0
github.com/numduel/numduel/usecase/game.go:153.2,154.16 2 0
github.com/numduel/numduel/usecase/game.go:154.16,156.3 1 0
github.com/numduel/numduel/usecase/game.go:157.2,158.65 2 0
github.com/numduel/numduel/usecase/game.go:158.65,160.17 2 0
github.com/numduel/numduel/usecase/game.go:160.17,162.4 1 0
github.com/numduel/numduel/usecase/game.go:164.2,165.37 2 0
github.com/numduel/numduel/usecase/game.go:165.37,167.3 1 0
github.com/numduel/numduel/usecase/game.go:168.2,169.32 2 0
github.com/numduel/numduel/usecase/game.go:169.32,175.3 1 0
github.com/numduel/numduel/usecase/game.go:176.2,180.8 1 0
github.com/numduel/numduel/usecase/game.go:183.96,185.16 2 0
github.com/numduel/numduel/usecase/game.go:185.16,187.3 1 0
github.com/numduel/numduel/usecase/game.go:188.2,188.37 1 0
github.com/numduel/numduel/usecase/game.go:188.37,190.3 1 0
github.com/numduel/numduel/usecase/game.go:191.2,191.21 1 0
github.com/numduel/numduel/usecase/game.go:191.21,193.3 1 0
github.com/numduel/numduel/usecase/game.go:194.2,194.12 1 0
github.com/numduel/numduel/usecase/game.go:197.55,199.2 1 0
github.com/numduel/numduel/usecase/game.go:201.54,203.2 1 0
github.com/numduel/numduel/usecase/game.go:205.230,222.2 1 0
github.com/numduel/numduel/usecase/game_logic.go:13.70,14.16 1 0
github.com/numduel/numduel/usecase/game_logic.go:15.22,16.16 1 0
github.com/numduel/numduel/usecase/game_logic.go:17.22,18.16 1 0
github.com/numduel/numduel/usecase/game_logic.go:19.10,20.25 1 0
github.com/numduel/numduel/usecase/game_logic.go:24.79,25.16 1 0
github.com/numduel/numduel/usecase/game_logic.go:26.22,27.31 1 0
github.com/numduel/numduel/usecase/game_logic.go:27.31,29.4 1 0
github.com/numduel/numduel/usecase/game_logic.go:30.3,31.13 2 0
github.com/numduel/numduel/usecase/game_logic.go:32.22,33.31 1 0
github.com/numduel/numduel/usecase/game_logic.go:33.31,35.4 1 0
github.com/numduel/numduel/usecase/game_logic.go:36.3,37.13 2 0
github.com/numduel/numduel/usecase/game_logic.go:38.10,39.22 1 0
github.com/numduel/numduel/usecase/game_logic.go:43.55,44.76 1 0
github.com/numduel/numduel/usecase/game_logic.go:44.76,46.3 1 0
github.com/numduel/numduel/usecase/game_logic.go:47.2,52.12 6 0
github.com/numduel/numduel/usecase/game_logic.go:55.76,56.16 1 0
github.com/numduel/numduel/usecase/game_logic.go:57.22,58.29 1 0
github.com/numduel/numduel/usecase/game_logic.go:59.22,60.29 1 0
github.com/numduel/numduel/usecase/game_logic.go:61.10,62.32 1 0
github.com/numduel/numduel/usecase/game_logic.go:66.86,67.16 1 0
github.com/numduel/numduel/usecase/game_logic.go:68.22,69.36 1 0
github.com/numduel/numduel/usecase/game_logic.go:70.22,71.36 1 0
github.com/numduel/numduel/usecase/game_logic.go:72.10,73.29 1 0
github.com/numduel/numduel/usecase/game_logic.go:77.154,78.47 1 0
github.com/numduel/numduel/usecase/game_logic.go:78.47,80.3 1 0
github.com/numduel/numduel/usecase/game_logic.go:81.2,81.28 1 0
github.com/numduel/numduel/usecase/game_logic.go:81.28,83.3 1 0
github.com/numduel/numduel/usecase/game_logic.go:84.2,98.16 4 0
github.com/numduel/numduel/usecase/game_logic.go:98.16,100.3 1 0
github.com/numduel/numduel/usecase/game_logic.go:101.2,104.15 4 0
github.com/numduel/numduel/usecase/game_logic.go:107.76,108.47 1 0
github.com/numduel/numduel/usecase/game_logic.go:108.47,110.3 1 0
github.com/numduel/numduel/usecase/game_logic.go:111.2,111.62 1 0
github.com/numduel/numduel/usecase/game_logic.go:111.62,113.3 1 0
github.com/numduel/numduel/usecase/game_logic.go:114.2,118.12 5 0
github.com/numduel/numduel/usecase/game_logic.go:121.71,122.50 1 0
github.com/numduel/numduel/usecase/game_logic.go:122.50,124.3 1 0
github.com/numduel/numduel/usecase/game_logic.go:125.2,128.12 4 0
github.com/numduel/numduel/usecase/game_play.go:24.107,25.20 1 0
github.com/numduel/numduel/usecase/game_play.go:25.20,27.17 2 0
github.com/numduel/numduel/usecase/game_play.go:27.17,29.4 1 0
github.com/numduel/numduel/usecase/game_play.go:30.3,30.10 1 0
github.com/numduel/numduel/usecase/game_play.go:30.10,32.4 1 0
github.com/numduel/numduel/usecase/game_play.go:34.2,35.16 2 0
github.com/numduel/numduel/usecase/game_play.go:35.16,37.3 1 0
github.com/numduel/numduel/usecase/game_play.go:38.2,38.63 1 0
github.com/numduel/numduel/usecase/game_play.go:38.63,40.3 1 0
github.com/numduel/numduel/usecase/game_play.go:41.2,42.79 2 0
github.com/numduel/numduel/usecase/game_play.go:42.79,44.17 2 0
github.com/numduel/numduel/usecase/game_play.go:44.17,46.4 1 0
github.com/numduel/numduel/usecase/game_play.go:47.3,47.18 1 0
github.com/numduel/numduel/usecase/game_play.go:47.18,49.4 1 0
github.com/numduel/numduel/usecase/game_play.go:50.3,50.34 1 0
github.com/numduel/numduel/usecase/game_play.go:50.34,52.4 1 0
github.com/numduel/numduel/usecase/game_play.go:53.3,53.22 1 0
github.com/numduel/numduel/usecase/game_play.go:54.35,55.32 1 0
github.com/numduel/numduel/usecase/game_play.go:56.33,57.33 1 0
github.com/numduel/numduel/usecase/game_play.go:58.38,58.38 0 0
github.com/numduel/numduel/usecase/game_play.go:59.11,60.24 1 0
github.com/numduel/numduel/usecase/game_play.go:62.3,63.31 2 0
github.com/numduel/numduel/usecase/game_play.go:63.31,65.4 1 0
github.com/numduel/numduel/usecase/game_play.go:66.3,67.17 2 0
github.com/numduel/numduel/usecase/game_play.go:67.17,69.4 1 0
github.com/numduel/numduel/usecase/game_play.go:70.3,70.63 1 0
github.com/numduel/numduel/usecase/game_play.go:70.63,72.4 1 0
github.com/numduel/numduel/usecase/game_play.go:73.3,74.51 2 0
github.com/numduel/numduel/usecase/game_play.go:74.51,76.4 1 0
github.com/numduel/numduel/usecase/game_play.go:77.3,77.28 1 0
github.com/numduel/numduel/usecase/game_play.go:77.28,78.69 1 0
github.com/numduel/numduel/usecase/game_play.go:78.69,80.5 1 0
github.com/numduel/numduel/usecase/game_play.go:81.4,81.18 1 0
github.com/numduel/numduel/usecase/game_play.go:83.3,83.13 1 0
github.com/numduel/numduel/usecase/game_play.go:84.17,86.3 1 0
github.com/numduel/numduel/usecase/game_play.go:87.2,87.13 1 0
github.com/numduel/numduel/usecase/game_play.go:87.13,89.3 1 0
github.com/numduel/numduel/usecase/game_play.go:90.2,90.12 1 0
github.com/numduel/numduel/usecase/game_play.go:93.108,94.45 1 0
github.com/numduel/numduel/usecase/game_play.go:94.45,96.3 1 0
github.com/numduel/numduel/usecase/game_play.go:97.2,97.32 1 0
github.com/numduel/numduel/usecase/game_play.go:100.115,101.31 1 0
github.com/numduel/numduel/usecase/game_play.go:101.31,103.17 2 0
github.com/numduel/numduel/usecase/game_play.go:103.17,105.4 1 0
github.com/numduel/numduel/usecase/game_play.go:106.3,106.10 1 0
github.com/numduel/numduel/usecase/game_play.go:106.10,108.4 1 0
github.com/numduel/numduel/usecase/game_play.go:110.2,111.16 2 0
github.com/numduel/numduel/usecase/game_play.go:111.16,113.3 1 0
github.com/numduel/numduel/usecase/game_play.go:114.2,114.63 1 0
github.com/numduel/numduel/usecase/game_play.go:114.63,116.3 1 0
github.com/numduel/numduel/usecase/game_play.go:117.2,120.79 4 0
github.com/numduel/numduel/usecase/game_play.go:120.79,122.17 2 0
github.com/numduel/numduel/usecase/game_play.go:122.17,124.4 1 0
github.com/numduel/numduel/usecase/game_play.go:125.3,125.18 1 0
github.com/numduel/numduel/usecase/game_play.go:125.18,127.4 1 0
github.com/numduel/numduel/usecase/game_play.go:128.3,128.34 1 0
github.com/numduel/numduel/usecase/game_play.go:128.34,130.4 1 0
github.com/numduel/numduel/usecase/game_play.go:131.3,133.31 3 0
github.com/numduel/numduel/usecase/game_play.go:133.31,136.4 2 0
github.com/numduel/numduel/usecase/game_play.go:137.3,137.25 1 0
github.com/numduel/numduel/usecase/game_play.go:137.25,139.4 1 0
github.com/numduel/numduel/usecase/game_play.go:140.3,141.17 2 0
github.com/numduel/numduel/usecase/game_play.go:141.17,143.4 1 0
github.com/numduel/numduel/usecase/game_play.go:144.3,145.51 2 0
github.com/numduel/numduel/usecase/game_play.go:145.51,147.4 1 0
github.com/numduel/numduel/usecase/game_play.go:148.3,150.17 3 0
github.com/numduel/numduel/usecase/game_play.go:150.17,152.4 1 0
github.com/numduel/numduel/usecase/game_play.go:153.3,153.53 1 0
github.com/numduel/numduel/usecase/game_play.go:153.53,155.4 1 0
github.com/numduel/numduel/usecase/game_play.go:156.3,162.12 3 0
github.com/numduel/numduel/usecase/game_play.go:162.12,163.71 1 0
github.com/numduel/numduel/usecase/game_play.go:163.71,165.5 1 0
github.com/numduel/numduel/usecase/game_play.go:166.4,167.21 2 0
github.com/numduel/numduel/usecase/game_play.go:168.9,168.58 1 0
github.com/numduel/numduel/usecase/game_play.go:168.58,170.4 1 0
github.com/numduel/numduel/usecase/game_play.go:171.3,171.38 1 0
github.com/numduel/numduel/usecase/game_play.go:171.38,173.4 1 0
github.com/numduel/numduel/usecase/game_play.go:174.3,174.13 1 0
github.com/numduel/numduel/usecase/game_play.go:175.17,177.3 1 0
github.com/numduel/numduel/usecase/game_play.go:178.2,179.134 2 0
github.com/numduel/numduel/usecase/game_play.go:179.134,181.3 1 0
github.com/numduel/numduel/usecase/game_play.go:182.2,182.69 1 0
github.com/numduel/numduel/usecase/game_play.go:185.120,186.26 1 0
github.com/numduel/numduel/usecase/game_play.go:186.26,188.3 1 0
github.com/numduel/numduel/usecase/game_play.go:189.2,190.16 2 0
github.com/numduel/numduel/usecase/game_play.go:190.16,192.3 1 0
github.com/numduel/numduel/usecase/game_play.go:193.2,194.33 2 0
github.com/numduel/numduel/usecase/game_play.go:194.33,196.3 1 0
github.com/numduel/numduel/usecase/game_play.go:197.2,198.32 2 0
github.com/numduel/numduel/usecase/game_play.go:198.32,200.3 1 0
github.com/numduel/numduel/usecase/game_play.go:201.2,201.56 1 0
github.com/numduel/numduel/usecase/game_play.go:201.56,203.3 1 0
github.com/numduel/numduel/usecase/game_play.go:204.2,204.50 1 0
github.com/numduel/numduel/usecase/game_play.go:204.50,206.3 1 0
github.com/numduel/numduel/usecase/game_play.go:207.2,212.61 2 0
github.com/numduel/numduel/usecase/game_play.go:212.61,214.3 1 0
github.com/numduel/numduel/usecase/game_play.go:215.2,215.59 1 0
github.com/numduel/numduel/usecase/game_play.go:218.112,220.16 2 0
github.com/numduel/numduel/usecase/game_play.go:220.16,222.3 1 0
github.com/numduel/numduel/usecase/game_play.go:223.2,223.17 1 0
github.com/numduel/numduel/usecase/game_play.go:223.17,225.3 1 0
github.com/numduel/numduel/usecase/game_play.go:226.2,228.37 3 0
github.com/numduel/numduel/usecase/game_play.go:231.84,233.31 2 0
github.com/numduel/numduel/usecase/game_play.go:233.31,235.3 1 0
github.com/numduel/numduel/usecase/game_play.go:236.2,238.55 3 0
github.com/numduel/numduel/usecase/game_play.go:238.55,239.113 1 0
github.com/numduel/numduel/usecase/game_play.go:239.113,241.4 1 0
github.com/numduel/numduel/usecase/game_play.go:243.2,243.66 1 0
github.com/numduel/numduel/usecase/game_play.go:243.66,245.17 2 0
github.com/numduel/numduel/usecase/game_play.go:245.17,247.4 1 0
github.com/numduel/numduel/usecase/game_play.go:248.3,248.24 1 0
github.com/numduel/numduel/usecase/game_play.go:248.24,250.4 1 0
github.com/numduel/numduel/usecase/game_play.go:252.2,252.39 1 0
github.com/numduel/numduel/usecase/game_play.go:255.86,256.58 1 0
github.com/numduel/numduel/usecase/game_play.go:256.58,258.3 1 0
github.com/numduel/numduel/usecase/game_play.go:259.2,260.20 2 0
github.com/numduel/numduel/usecase/game_play.go:260.20,263.17 3 0
github.com/numduel/numduel/usecase/game_play.go:263.17,265.4 1 0
github.com/numduel/numduel/usecase/game_play.go:267.2,272.66 2 0
github.com/numduel/numduel/usecase/game_play.go:272.66,274.3 1 0
github.com/numduel/numduel/usecase/game_play.go:275.2,275.12 1 0
github.com/numduel/numduel/usecase/game_play.go:278.147,280.31 2 0
github.com/numduel/numduel/usecase/game_play.go:280.31,282.3 1 0
github.com/numduel/numduel/usecase/game_play.go:283.2,289.66 2 0
github.com/numduel/numduel/usecase/game_play.go:289.66,290.24 1 0
github.com/numduel/numduel/usecase/game_play.go:290.24,292.4 1 0
github.com/numduel/numduel/usecase/game_play.go:294.2,294.14 1 0
github.com/numduel/numduel/usecase/game_play.go:294.14,295.21 1 0
github.com/numduel/numduel/usecase/game_play.go:295.21,297.4 1 0
github.com/numduel/numduel/usecase/game_play.go:298.3,298.106 1 0
github.com/numduel/numduel/usecase/game_play.go:298.106,300.4 1 0
github.com/numduel/numduel/usecase/game_play.go:301.3,304.67 2 0
github.com/numduel/numduel/usecase/game_play.go:304.67,305.25 1 0
github.com/numduel/numduel/usecase/game_play.go:305.25,307.5 1 0
github.com/numduel/numduel/usecase/game_play.go:309.3,309.13 1 0
github.com/numduel/numduel/usecase/game_play.go:311.2,311.55 1 0
github.com/numduel/numduel/usecase/game_play.go:311.55,313.129 2 0
github.com/numduel/numduel/usecase/game_play.go:313.129,315.4 1 0
github.com/numduel/numduel/usecase/game_play.go:317.2,317.39 1 0
github.com/numduel/numduel/usecase/game_recovery.go:13.90,17.79 4 0
github.com/numduel/numduel/usecase/game_recovery.go:17.79,19.17 2 0
github.com/numduel/numduel/usecase/game_recovery.go:19.17,21.4 1 0
github.com/numduel/numduel/usecase/game_recovery.go:22.3,22.18 1 0
github.com/numduel/numduel/usecase/game_recovery.go:22.18,24.4 1 0
github.com/numduel/numduel/usecase/game_recovery.go:25.3,25.51 1 0
github.com/numduel/numduel/usecase/game_recovery.go:25.51,27.4 1 0
github.com/numduel/numduel/usecase/game_recovery.go:28.3,28.78 1 0
github.com/numduel/numduel/usecase/game_recovery.go:28.78,30.4 1 0
github.com/numduel/numduel/usecase/game_recovery.go:31.3,32.27 2 0
github.com/numduel/numduel/usecase/game_recovery.go:32.27,34.4 1 0
github.com/numduel/numduel/usecase/game_recovery.go:35.3,36.51 2 0
github.com/numduel/numduel/usecase/game_recovery.go:36.51,38.4 1 0
github.com/numduel/numduel/usecase/game_recovery.go:39.3,41.13 3 0
github.com/numduel/numduel/usecase/game_recovery.go:42.17,44.3 1 0
github.com/numduel/numduel/usecase/game_recovery.go:45.2,45.16 1 0
github.com/numduel/numduel/usecase/game_recovery.go:45.16,47.3 1 0
github.com/numduel/numduel/usecase/game_recovery.go:48.2,48.20 1 0
github.com/numduel/numduel/usecase/game_recovery.go:48.20,50.3 1 0
github.com/numduel/numduel/usecase/game_recovery.go:51.2,52.52 2 0
github.com/numduel/numduel/usecase/game_recovery.go:52.52,53.24 1 0
github.com/numduel/numduel/usecase/game_recovery.go:53.24,55.4 1 0
github.com/numduel/numduel/usecase/game_recovery.go:57.2,57.90 1 0
github.com/numduel/numduel/usecase/game_recovery.go:60.69,63.16 3 0
github.com/numduel/numduel/usecase/game_recovery.go:63.16,65.3 1 0
github.com/numduel/numduel/usecase/game_recovery.go:66.2,66.34 1 0
github.com/numduel/numduel/usecase/game_recovery.go:66.34,67.18 1 0
github.com/numduel/numduel/usecase/game_recovery.go:67.18,68.12 1 0
github.com/numduel/numduel/usecase/game_recovery.go:70.3,70.69 1 0
github.com/numduel/numduel/usecase/game_recovery.go:70.69,72.4 1 0
github.com/numduel/numduel/usecase/game_recovery.go:74.2,76.16 3 0
github.com/numduel/numduel/usecase/game_recovery.go:76.16,78.3 1 0
github.com/numduel/numduel/usecase/game_recovery.go:79.2,79.38 1 0
github.com/numduel/numduel/usecase/game_recovery.go:79.38,80.18 1 0
github.com/numduel/numduel/usecase/game_recovery.go:80.18,81.12 1 0
github.com/numduel/numduel/usecase/game_recovery.go:83.3,83.63 1 0
github.com/numduel/numduel/usecase/game_recovery.go:83.63,85.4 1 0
github.com/numduel/numduel/usecase/game_recovery.go:87.2,87.12 1 0
github.com/numduel/numduel/usecase/game_recovery.go:90.109,91.55 1 0
github.com/numduel/numduel/usecase/game_recovery.go:91.55,93.3 1 0
github.com/numduel/numduel/usecase/game_recovery.go:94.2,95.16 2 0
github.com/numduel/numduel/usecase/game_recovery.go:95.16,97.3 1 0
github.com/numduel/numduel/usecase/game_recovery.go:98.2,98.54 1 0
github.com/numduel/numduel/usecase/game_recovery.go:98.54,100.3 1 0
github.com/numduel/numduel/usecase/game_recovery.go:101.2,103.98 3 0
github.com/numduel/numduel/usecase/game_recovery.go:103.98,105.3 1 0
github.com/numduel/numduel/usecase/game_recovery.go:106.2,112.66 3 0
github.com/numduel/numduel/usecase/game_recovery.go:112.66,113.24 1 0
github.com/numduel/numduel/usecase/game_recovery.go:113.24,115.4 1 0
github.com/numduel/numduel/usecase/game_recovery.go:117.2,117.61 1 0
github.com/numduel/numduel/usecase/game_validate.go:5.55,6.21 1 0
github.com/numduel/numduel/usecase/game_validate.go:6.21,8.3 1 0
github.com/numduel/numduel/usecase/game_validate.go:9.2,11.27 3 0
github.com/numduel/numduel/usecase/game_validate.go:11.27,12.27 1 0
github.com/numduel/numduel/usecase/game_validate.go:12.27,14.4 1 0
github.com/numduel/numduel/usecase/game_validate.go:15.3,16.27 2 0
github.com/numduel/numduel/usecase/game_validate.go:16.27,18.4 1 0
github.com/numduel/numduel/usecase/game_validate.go:19.3,20.16 2 0
github.com/numduel/numduel/usecase/game_validate.go:22.2,22.20 1 0
github.com/numduel/numduel/usecase/game_validate.go:25.51,27.25 2 0
github.com/numduel/numduel/usecase/game_validate.go:27.25,28.37 1 0
github.com/numduel/numduel/usecase/game_validate.go:28.37,30.4 1 0
github.com/numduel/numduel/usecase/game_validate.go:31.3,31.35 1 0
github.com/numduel/numduel/usecase/game_validate.go:31.35,33.4 1 0
github.com/numduel/numduel/usecase/game_validate.go:34.3,34.31 1 0
github.com/numduel/numduel/usecase/game_validate.go:36.2,36.12 1 0
github.com/numduel/numduel/usecase/handle_timeout.go:12.92,14.20 2 0
github.com/numduel/numduel/usecase/handle_timeout.go:14.20,16.17 2 0
github.com/numduel/numduel/usecase/handle_timeout.go:16.17,18.4 1 0
github.com/numduel/numduel/usecase/handle_timeout.go:19.3,19.10 1 0
github.com/numduel/numduel/usecase/handle_timeout.go:19.10,21.4 1 0
github.com/numduel/numduel/usecase/handle_timeout.go:23.2,23.20 1 0
github.com/numduel/numduel/usecase/handle_timeout.go:23.20,25.3 1 0
github.com/numduel/numduel/usecase/handle_timeout.go:26.2,27.16 2 0
github.com/numduel/numduel/usecase/handle_timeout.go:27.16,29.3 1 0
github.com/numduel/numduel/usecase/handle_timeout.go:30.2,30.21 1 0
github.com/numduel/numduel/usecase/handle_timeout.go:30.21,32.3 1 0
github.com/numduel/numduel/usecase/handle_timeout.go:33.2,33.35 1 0
github.com/numduel/numduel/usecase/handle_timeout.go:33.35,35.3 1 0
github.com/numduel/numduel/usecase/handle_timeout.go:36.2,36.35 1 0
github.com/numduel/numduel/usecase/handle_timeout.go:36.35,38.3 1 0
github.com/numduel/numduel/usecase/handle_timeout.go:39.2,39.84 1 0
github.com/numduel/numduel/usecase/handle_timeout.go:39.84,41.3 1 0
github.com/numduel/numduel/usecase/handle_timeout.go:42.2,43.16 2 0
github.com/numduel/numduel/usecase/handle_timeout.go:43.16,45.3 1 0
github.com/numduel/numduel/usecase/handle_timeout.go:46.2,46.87 1 0
github.com/numduel/numduel/usecase/handle_timeout.go:46.87,48.3 1 0
github.com/numduel/numduel/usecase/handle_timeout.go:49.2,49.21 1 0
github.com/numduel/numduel/usecase/handle_timeout.go:49.21,51.3 1 0
github.com/numduel/numduel/usecase/handle_timeout.go:52.2,53.16 2 0
github.com/numduel/numduel/usecase/handle_timeout.go:53.16,55.3 1 0
github.com/numduel/numduel/usecase/handle_timeout.go:56.2,56.77 1 0
github.com/numduel/numduel/usecase/handle_timeout.go:56.77,57.30 1 0
github.com/numduel/numduel/usecase/handle_timeout.go:57.30,59.4 1 0
github.com/numduel/numduel/usecase/handle_timeout.go:60.3,60.13 1 0
github.com/numduel/numduel/usecase/handle_timeout.go:62.2,62.70 1 0
github.com/numduel/numduel/usecase/handle_timeout.go:65.113,67.16 2 0
github.com/numduel/numduel/usecase/handle_timeout.go:67.16,69.3 1 0
github.com/numduel/numduel/usecase/handle_timeout.go:70.2,70.17 1 0
github.com/numduel/numduel/usecase/handle_timeout.go:70.17,72.3 1 0
github.com/numduel/numduel/usecase/handle_timeout.go:73.2,73.47 1 0
github.com/numduel/numduel/usecase/handle_timeout.go:73.47,75.3 1 0
github.com/numduel/numduel/usecase/handle_timeout.go:76.2,76.78 1 0
github.com/numduel/numduel/usecase/handle_timeout.go:76.78,78.3 1 0
github.com/numduel/numduel/usecase/handle_timeout.go:79.2,79.35 1 0
github.com/numduel/numduel/usecase/handle_timeout.go:79.35,81.3 1 0
github.com/numduel/numduel/usecase/handle_timeout.go:82.2,82.12 1 0
github.com/numduel/numduel/usecase/handle_timeout.go:85.41,90.2 1 0
github.com/numduel/numduel/usecase/judge.go:5.61,7.25 2 0
github.com/numduel/numduel/usecase/judge.go:7.25,8.28 1 0
github.com/numduel/numduel/usecase/judge.go:8.28,10.4 1 0
github.com/numduel/numduel/usecase/judge.go:12.2,12.16 1 0
github.com/numduel/numduel/usecase/judge.go:15.47,16.28 1 0
github.com/numduel/numduel/usecase/judge.go:16.28,17.26 1 0
github.com/numduel/numduel/usecase/judge.go:17.26,19.4 1 0
github.com/numduel/numduel/usecase/judge.go:21.2,21.13 1 0
github.com/numduel/numduel/usecase/judge.go:24.49,26.28 2 0
github.com/numduel/numduel/usecase/judge.go:26.28,27.26 1 0
github.com/numduel/numduel/usecase/judge.go:27.26,29.4 1 0
github.com/numduel/numduel/usecase/judge.go:31.2,31.10 1 0
github.com/numduel/numduel/usecase/judge.go:34.60,36.28 2 0
github.com/numduel/numduel/usecase/judge.go:36.28,38.3 1 0
github.com/numduel/numduel/usecase/judge.go:39.2,39.12 1 0
github.com/numduel/numduel/usecase/log_retention.go:33.47,34.30 1 0
github.com/numduel/numduel/usecase/log_retention.go:34.30,36.3 1 0
github.com/numduel/numduel/usecase/log_retention.go:37.2,37.25 1 0
github.com/numduel/numduel/usecase/log_retention.go:40.56,43.20 3 0
github.com/numduel/numduel/usecase/log_retention.go:43.20,45.3 1 0
github.com/numduel/numduel/usecase/log_retention.go:46.2,47.16 2 0
github.com/numduel/numduel/usecase/log_retention.go:47.16,49.3 1 0
github.com/numduel/numduel/usecase/log_retention.go:50.2,56.24 3 0
github.com/numduel/numduel/usecase/log_retention.go:56.24,61.3 1 0
github.com/numduel/numduel/usecase/log_retention.go:62.2,62.21 1 0
github.com/numduel/numduel/usecase/log_retention.go:62.21,67.3 1 0
github.com/numduel/numduel/usecase/log_retention.go:68.2,68.18 1 0
github.com/numduel/numduel/usecase/log_retention.go:68.18,73.3 1 0
github.com/numduel/numduel/usecase/log_retention.go:74.2,74.26 1 0
github.com/numduel/numduel/usecase/log_retention.go:74.26,75.84 1 0
github.com/numduel/numduel/usecase/log_retention.go:75.84,76.66 1 0
github.com/numduel/numduel/usecase/log_retention.go:76.66,78.5 1 0
github.com/numduel/numduel/usecase/log_retention.go:79.4,79.52 1 0
github.com/numduel/numduel/usecase/log_retention.go:84.148,95.2 1 0
github.com/numduel/numduel/usecase/log_retention.go:103.9,104.6 1 0
github.com/numduel/numduel/usecase/log_retention.go:104.6,105.35 1 0
github.com/numduel/numduel/usecase/log_retention.go:105.35,107.4 1 0
github.com/numduel/numduel/usecase/log_retention.go:108.3,109.17 2 0
github.com/numduel/numduel/usecase/log_retention.go:109.17,111.4 1 0
github.com/numduel/numduel/usecase/log_retention.go:112.3,112.13 1 0
github.com/numduel/numduel/usecase/log_retention.go:112.13,114.4 1 0
github.com/numduel/numduel/usecase/log_retention.go:115.3,115.17 1 0
github.com/numduel/numduel/usecase/log_retention.go:115.17,116.12 1 0
github.com/numduel/numduel/usecase/log_retention.go:118.3,119.10 2 0
github.com/numduel/numduel/usecase/log_retention.go:120.21,122.20 2 0
github.com/numduel/numduel/usecase/log_retention.go:123.18,123.18 0 0
github.com/numduel/numduel/usecase/matching.go:29.43,30.30 1 1
github.com/numduel/numduel/usecase/matching.go:30.30,32.3 1 0
github.com/numduel/numduel/usecase/matching.go:33.2,33.25 1 1
github.com/numduel/numduel/usecase/matching.go:49.102,51.16 2 1
github.com/numduel/numduel/usecase/matching.go:51.16,53.3 1 1
github.com/numduel/numduel/usecase/matching.go:54.2,54.37 1 1
github.com/numduel/numduel/usecase/matching.go:54.37,56.3 1 0
github.com/numduel/numduel/usecase/matching.go:57.2,57.21 1 1
github.com/numduel/numduel/usecase/matching.go:57.21,59.3 1 0
github.com/numduel/numduel/usecase/matching.go:60.2,61.16 2 1
github.com/numduel/numduel/usecase/matching.go:61.16,63.3 1 0
github.com/numduel/numduel/usecase/matching.go:64.2,64.19 1 1
github.com/numduel/numduel/usecase/matching.go:64.19,66.3 1 0
github.com/numduel/numduel/usecase/matching.go:67.2,68.16 2 1
github.com/numduel/numduel/usecase/matching.go:68.16,70.3 1 0
github.com/numduel/numduel/usecase/matching.go:71.2,71.13 1 1
github.com/numduel/numduel/usecase/matching.go:71.13,73.3 1 0
github.com/numduel/numduel/usecase/matching.go:74.2,76.79 3 1
github.com/numduel/numduel/usecase/matching.go:76.79,79.18 1 1
github.com/numduel/numduel/usecase/matching.go:79.18,81.4 1 0
github.com/numduel/numduel/usecase/matching.go:82.3,83.17 2 1
github.com/numduel/numduel/usecase/matching.go:83.17,85.4 1 1
github.com/numduel/numduel/usecase/matching.go:86.3,87.13 2 1
github.com/numduel/numduel/usecase/matching.go:88.17,90.3 1 1
github.com/numduel/numduel/usecase/matching.go:91.2,91.41 1 1
github.com/numduel/numduel/usecase/matching.go:91.41,95.3 3 0
github.com/numduel/numduel/usecase/matching.go:96.2,96.53 1 1
github.com/numduel/numduel/usecase/matching.go:99.104,100.79 1 0
github.com/numduel/numduel/usecase/matching.go:100.79,102.3 1 0
github.com/numduel/numduel/usecase/matching.go:102.17,104.3 1 0
github.com/numduel/numduel/usecase/matching.go:105.2,105.56 1 0
github.com/numduel/numduel/usecase/matching.go:108.107,110.16 2 0
github.com/numduel/numduel/usecase/matching.go:110.16,112.3 1 0
github.com/numduel/numduel/usecase/matching.go:113.2,113.19 1 0
github.com/numduel/numduel/usecase/matching.go:113.19,116.3 2 0
github.com/numduel/numduel/usecase/matching.go:117.2,118.16 2 0
github.com/numduel/numduel/usecase/matching.go:118.16,120.3 1 0
github.com/numduel/numduel/usecase/matching.go:121.2,121.13 1 0
github.com/numduel/numduel/usecase/matching.go:121.13,123.3 1 0
github.com/numduel/numduel/usecase/matching.go:124.2,124.54 1 0
github.com/numduel/numduel/usecase/matching.go:127.82,129.16 2 1
github.com/numduel/numduel/usecase/matching.go:129.16,131.3 1 1
github.com/numduel/numduel/usecase/matching.go:132.2,132.22 1 1
github.com/numduel/numduel/usecase/matching.go:132.22,134.3 1 1
github.com/numduel/numduel/usecase/matching.go:135.2,136.28 2 1
github.com/numduel/numduel/usecase/matching.go:136.28,138.3 1 0
github.com/numduel/numduel/usecase/matching.go:139.2,139.73 1 1
github.com/numduel/numduel/usecase/matching.go:139.73,141.3 1 0
github.com/numduel/numduel/usecase/matching.go:141.8,141.16 1 1
github.com/numduel/numduel/usecase/matching.go:141.16,143.3 1 1
github.com/numduel/numduel/usecase/matching.go:144.2,144.73 1 1
github.com/numduel/numduel/usecase/matching.go:144.73,146.3 1 0
github.com/numduel/numduel/usecase/matching.go:146.8,146.16 1 1
github.com/numduel/numduel/usecase/matching.go:146.16,148.3 1 0
github.com/numduel/numduel/usecase/matching.go:149.2,155.50 3 1
github.com/numduel/numduel/usecase/matching.go:155.50,157.3 1 1
github.com/numduel/numduel/usecase/matching.go:158.2,158.84 1 0
github.com/numduel/numduel/usecase/matching.go:158.84,160.3 1 0
github.com/numduel/numduel/usecase/matching.go:161.2,161.18 1 0
github.com/numduel/numduel/usecase/matching.go:164.102,166.16 2 1
github.com/numduel/numduel/usecase/matching.go:166.16,168.3 1 0
github.com/numduel/numduel/usecase/matching.go:169.2,169.56 1 1
github.com/numduel/numduel/usecase/matching.go:169.56,171.3 1 1
github.com/numduel/numduel/usecase/matching.go:172.2,173.16 2 1
github.com/numduel/numduel/usecase/matching.go:173.16,175.3 1 0
github.com/numduel/numduel/usecase/matching.go:176.2,176.27 1 1
github.com/numduel/numduel/usecase/matching.go:179.93,181.2 1 1
github.com/numduel/numduel/usecase/matching.go:183.109,185.32 2 1
github.com/numduel/numduel/usecase/matching.go:185.32,187.3 1 1
github.com/numduel/numduel/usecase/matching.go:188.2,188.56 1 0
github.com/numduel/numduel/usecase/matching.go:191.111,193.16 2 1
github.com/numduel/numduel/usecase/matching.go:193.16,195.3 1 0
github.com/numduel/numduel/usecase/matching.go:196.2,196.29 1 1
github.com/numduel/numduel/usecase/matching.go:196.29,197.96 1 0
github.com/numduel/numduel/usecase/matching.go:197.96,199.4 1 0
github.com/numduel/numduel/usecase/matching.go:201.2,201.17 1 1
github.com/numduel/numduel/usecase/matching.go:204.91,212.2 1 1
github.com/numduel/numduel/usecase/profile.go:53.103,55.16 2 0
github.com/numduel/numduel/usecase/profile.go:55.16,57.3 1 0
github.com/numduel/numduel/usecase/profile.go:58.2,58.37 1 0
github.com/numduel/numduel/usecase/profile.go:58.37,60.3 1 0
github.com/numduel/numduel/usecase/profile.go:61.2,63.16 3 0
github.com/numduel/numduel/usecase/profile.go:63.16,65.3 1 0
github.com/numduel/numduel/usecase/profile.go:66.2,66.29 1 0
github.com/numduel/numduel/usecase/profile.go:66.29,67.25 1 0
github.com/numduel/numduel/usecase/profile.go:67.25,70.9 3 0
github.com/numduel/numduel/usecase/profile.go:73.2,73.17 1 0
github.com/numduel/numduel/usecase/profile.go:76.133,78.16 2 0
github.com/numduel/numduel/usecase/profile.go:78.16,80.3 1 0
github.com/numduel/numduel/usecase/profile.go:81.2,81.37 1 0
github.com/numduel/numduel/usecase/profile.go:81.37,83.3 1 0
github.com/numduel/numduel/usecase/profile.go:84.2,85.16 2 0
github.com/numduel/numduel/usecase/profile.go:85.16,87.3 1 0
github.com/numduel/numduel/usecase/profile.go:88.2,89.25 2 0
github.com/numduel/numduel/usecase/profile.go:89.25,94.3 1 0
github.com/numduel/numduel/usecase/profile.go:95.2,95.26 1 0
github.com/numduel/numduel/usecase/profile.go:98.133,100.16 2 0
github.com/numduel/numduel/usecase/profile.go:100.16,102.3 1 0
github.com/numduel/numduel/usecase/profile.go:103.2,103.37 1 0
github.com/numduel/numduel/usecase/profile.go:103.37,105.3 1 0
github.com/numduel/numduel/usecase/profile.go:106.2,107.16 2 0
github.com/numduel/numduel/usecase/profile.go:107.16,109.3 1 0
github.com/numduel/numduel/usecase/profile.go:110.2,111.27 2 0
github.com/numduel/numduel/usecase/profile.go:111.27,113.3 1 0
github.com/numduel/numduel/usecase/profile.go:114.2,114.26 1 0
github.com/numduel/numduel/usecase/profile.go:117.137,119.16 2 0
github.com/numduel/numduel/usecase/profile.go:119.16,121.3 1 0
github.com/numduel/numduel/usecase/profile.go:122.2,122.37 1 0
github.com/numduel/numduel/usecase/profile.go:122.37,124.3 1 0
github.com/numduel/numduel/usecase/profile.go:125.2,126.16 2 0
github.com/numduel/numduel/usecase/profile.go:126.16,128.3 1 0
github.com/numduel/numduel/usecase/profile.go:129.2,130.27 2 0
github.com/numduel/numduel/usecase/profile.go:130.27,134.3 1 0
github.com/numduel/numduel/usecase/profile.go:135.2,135.26 1 0
github.com/numduel/numduel/usecase/profile.go:138.64,146.2 1 0
github.com/numduel/numduel/usecase/ranking.go:34.42,35.30 1 0
github.com/numduel/numduel/usecase/ranking.go:35.30,37.3 1 0
github.com/numduel/numduel/usecase/ranking.go:38.2,38.25 1 0
github.com/numduel/numduel/usecase/ranking.go:47.74,49.16 2 0
github.com/numduel/numduel/usecase/ranking.go:49.16,51.3 1 0
github.com/numduel/numduel/usecase/ranking.go:52.2,52.19 1 0
github.com/numduel/numduel/usecase/ranking.go:52.19,54.3 1 0
github.com/numduel/numduel/usecase/ranking.go:55.2,56.27 2 0
github.com/numduel/numduel/usecase/ranking.go:56.27,58.3 1 0
github.com/numduel/numduel/usecase/ranking.go:59.2,59.17 1 0
github.com/numduel/numduel/usecase/ranking.go:62.61,64.16 2 0
github.com/numduel/numduel/usecase/ranking.go:64.16,66.3 1 0
github.com/numduel/numduel/usecase/ranking.go:67.2,69.27 3 0
github.com/numduel/numduel/usecase/ranking.go:69.27,73.3 1 0
github.com/numduel/numduel/usecase/ranking.go:74.2,74.76 1 0
github.com/numduel/numduel/usecase/ranking.go:74.76,76.3 1 0
github.com/numduel/numduel/usecase/ranking.go:79.73,81.16 2 0
github.com/numduel/numduel/usecase/ranking.go:81.16,83.3 1 0
github.com/numduel/numduel/usecase/ranking.go:84.2,84.9 1 0
github.com/numduel/numduel/usecase/ranking.go:84.9,86.3 1 0
github.com/numduel/numduel/usecase/ranking.go:87.2,87.23 1 0
github.com/numduel/numduel/usecase/ranking.go:96.106,98.16 2 0
github.com/numduel/numduel/usecase/ranking.go:98.16,100.3 1 0
github.com/numduel/numduel/usecase/ranking.go:101.2,102.26 2 0
github.com/numduel/numduel/usecase/ranking.go:102.26,103.36 1 0
github.com/numduel/numduel/usecase/ranking.go:103.36,104.12 1 0
github.com/numduel/numduel/usecase/ranking.go:106.3,110.5 1 0
github.com/numduel/numduel/usecase/ranking.go:112.2,112.39 1 0
github.com/numduel/numduel/usecase/ranking.go:112.39,113.43 1 0
github.com/numduel/numduel/usecase/ranking.go:113.43,115.4 1 0
github.com/numduel/numduel/usecase/ranking.go:116.3,116.45 1 0
github.com/numduel/numduel/usecase/ranking.go:118.2,118.18 1 0
github.com/numduel/numduel/usecase/ranking.go:121.116,128.2 1 0
github.com/numduel/numduel/usecase/user_validate.go:20.46,21.118 1 1
github.com/numduel/numduel/usecase/user_validate.go:21.118,23.3 1 0
github.com/numduel/numduel/usecase/user_validate.go:24.2,24.12 1 1
github.com/numduel/numduel/usecase/user_validate.go:27.40,28.52 1 1
github.com/numduel/numduel/usecase/user_validate.go:28.52,30.3 1 0
github.com/numduel/numduel/usecase/user_validate.go:31.2,31.12 1 1
github.com/numduel/numduel/usecase/user_validate.go:34.46,35.39 1 1
github.com/numduel/numduel/usecase/user_validate.go:35.39,37.3 1 0
github.com/numduel/numduel/usecase/user_validate.go:38.2,38.12 1 1
github.com/numduel/numduel/usecase/user_validate.go:41.45,42.57 1 0
github.com/numduel/numduel/usecase/user_validate.go:42.57,44.3 1 0
github.com/numduel/numduel/usecase/user_validate.go:45.2,45.101 1 0
github.com/numduel/numduel/usecase/user_validate.go:45.101,47.3 1 0
github.com/numduel/numduel/usecase/user_validate.go:48.2,48.12 1 0
github.com/numduel/numduel/usecase/ws_auth.go:39.166,49.2 1 0
github.com/numduel/numduel/usecase/ws_auth.go:51.41,52.30 1 0
github.com/numduel/numduel/usecase/ws_auth.go:52.30,54.3 1 0
github.com/numduel/numduel/usecase/ws_auth.go:55.2,55.25 1 0
github.com/numduel/numduel/usecase/ws_auth.go:62.96,63.17 1 0
github.com/numduel/numduel/usecase/ws_auth.go:63.17,65.3 1 0
github.com/numduel/numduel/usecase/ws_auth.go:66.2,67.16 2 0
github.com/numduel/numduel/usecase/ws_auth.go:67.16,69.3 1 0
github.com/numduel/numduel/usecase/ws_auth.go:70.2,70.22 1 0
github.com/numduel/numduel/usecase/ws_auth.go:70.22,72.17 2 0
github.com/numduel/numduel/usecase/ws_auth.go:72.17,74.4 1 0
github.com/numduel/numduel/usecase/ws_auth.go:75.3,75.14 1 0
github.com/numduel/numduel/usecase/ws_auth.go:75.14,77.4 1 0
github.com/numduel/numduel/usecase/ws_auth.go:79.2,79.55 1 0
github.com/numduel/numduel/usecase/ws_auth.go:79.55,81.17 2 0
github.com/numduel/numduel/usecase/ws_auth.go:81.17,83.4 1 0
github.com/numduel/numduel/usecase/ws_auth.go:84.3,84.57 1 0
github.com/numduel/numduel/usecase/ws_auth.go:84.57,86.4 1 0
github.com/numduel/numduel/usecase/ws_auth.go:88.2,89.16 2 0
github.com/numduel/numduel/usecase/ws_auth.go:89.16,91.3 1 0
github.com/numduel/numduel/usecase/ws_auth.go:92.2,92.37 1 0
github.com/numduel/numduel/usecase/ws_auth.go:92.37,94.3 1 0
github.com/numduel/numduel/usecase/ws_auth.go:95.2,95.50 1 0
github.com/numduel/numduel/usecase/ws_auth.go:98.100,100.2 1 0
github.com/numduel/numduel/usecase/ws_auth.go:102.88,104.54 2 0
github.com/numduel/numduel/usecase/ws_auth.go:104.54,106.3 1 0
github.com/numduel/numduel/usecase/ws_auth.go:107.2,108.16 2 0
github.com/numduel/numduel/usecase/ws_auth.go:108.16,110.3 1 0
github.com/numduel/numduel/usecase/ws_auth.go:111.2,113.4 1 0
github.com/numduel/numduel/usecase/ws_auth.go:116.121,121.17 3 0
github.com/numduel/numduel/usecase/ws_auth.go:121.17,123.3 1 0
github.com/numduel/numduel/usecase/ws_auth.go:124.2,124.19 1 0
github.com/numduel/numduel/usecase/ws_auth.go:127.78,129.51 2 0
github.com/numduel/numduel/usecase/ws_auth.go:129.51,131.3 1 0
github.com/numduel/numduel/usecase/ws_auth.go:132.2,135.31 4 0
github.com/numduel/numduel/usecase/ws_auth.go:138.82,139.23 1 0
github.com/numduel/numduel/usecase/ws_auth.go:139.23,141.3 1 0
github.com/numduel/numduel/usecase/ws_auth.go:142.2,142.54 1 0
github.com/numduel/numduel/usecase/ws_auth.go:145.91,147.54 2 0
github.com/numduel/numduel/usecase/ws_auth.go:147.54,149.3 1 0
github.com/numduel/numduel/usecase/ws_auth.go:150.2,151.16 2 0
github.com/numduel/numduel/usecase/ws_auth.go:151.16,153.3 1 0
github.com/numduel/numduel/usecase/ws_auth.go:154.2,156.4 1 0
